<?xml version="1.0" encoding="UTF-8"?>
<Site BuildName="(empty)"
	BuildStamp="20250829-0214-Experimental"
	Name="albusgive2"
	Generator="ctest-3.22.1"
	CompilerName="/usr/bin/clang++"
	CompilerVersion="14.0.0"
	OSName="Linux"
	Hostname="albusgive2"
	OSRelease="6.8.0-60-generic"
	OSVersion="#63~22.04.1-Ubuntu SMP PREEMPT_DYNAMIC Tue Apr 22 19:00:15 UTC 2"
	OSPlatform="x86_64"
	Is64Bits="1"
	VendorString="GenuineIntel"
	VendorID="Intel Corporation"
	FamilyID="6"
	ModelID="151"
	ProcessorCacheSize="18432"
	NumberOfLogicalCPU="12"
	NumberOfPhysicalCPU="6"
	TotalVirtualMemory="2047"
	TotalPhysicalMemory="31938"
	LogicalProcessorsPerPhysical="2"
	ProcessorClockFrequency="3998.75"
	>
	<Testing>
		<StartDateTime>Aug 29 10:14 CST</StartDateTime>
		<StartTestTime>1756433687</StartTestTime>
		<TestList/>
		<EndDateTime>Aug 29 10:14 CST</EndDateTime>
		<EndTestTime>1756433687</EndTestTime>
		<ElapsedMinutes>0</ElapsedMinutes>
	</Testing>
</Site>
